<?xml version="1.0" encoding="utf-8"?><testsuites><testsuite errors="0" failures="0" hostname="et-201809131052" name="pytest" skipped="0" tests="46" time="2.586" timestamp="2020-09-21T18:04:15.339634"><testcase classname="test_case.test_addTeacher.Test_addTeacher" file="test_case\test_addTeacher.py" line="16" name="test_addTeacher1[{\n&quot;display_name&quot;:&quot;\u6dfb\u52a0\u4e00\u53f7&quot;,\n&quot;real_name&quot;:&quot;\u771f\u662f\u4e00\u53f7&quot;,\n&quot;tech_subject&quot;:&quot;\u79d1\u76ee\u4e00\u53f7&quot;,\n&quot;tech_grade&quot;:&quot;\u9ad8\u4e00&quot;\n}-Success]" time="0.228"></testcase><testcase classname="test_case.test_addTeacher.Test_addTeacher" file="test_case\test_addTeacher.py" line="16" name="test_addTeacher1[{\n&quot;display_name&quot;:&quot;&quot;,\n&quot;real_name&quot;:&quot;\u771f\u662f\u4e00\u53f7&quot;,\n&quot;tech_subject&quot;:&quot;\u79d1\u76ee\u4e00\u53f7&quot;,\n&quot;tech_grade&quot;:&quot;\u9ad8\u4e00&quot;\n}-\u7f3a\u5c11\u5fc5\u8981\u7684\u53c2\u6570]" time="0.049"></testcase><testcase classname="test_case.test_addTeacher.Test_addTeacher" file="test_case\test_addTeacher.py" line="16" name="test_addTeacher1[{\n&quot;display_name&quot;:&quot;\u6dfb\u52a0\u4e00\u53f7&quot;,\n&quot;real_name&quot;:&quot;&quot;,\n&quot;tech_subject&quot;:&quot;\u79d1\u76ee\u4e00\u53f7&quot;,\n&quot;tech_grade&quot;:&quot;\u9ad8\u4e00&quot;\n}-\u7f3a\u5c11\u5fc5\u8981\u7684\u53c2\u6570]" time="0.030"></testcase><testcase classname="test_case.test_addTeacher.Test_addTeacher" file="test_case\test_addTeacher.py" line="16" name="test_addTeacher1[{\n&quot;display_name&quot;:&quot;\u6dfb\u52a0\u4e00\u53f7&quot;,\n&quot;real_name&quot;:&quot;\u771f\u662f\u4e00\u53f7&quot;,\n&quot;tech_subject&quot;:&quot;&quot;,\n&quot;tech_grade&quot;:&quot;\u9ad8\u4e00&quot;\n}-\u7f3a\u5c11\u5fc5\u8981\u7684\u53c2\u6570]" time="0.029"></testcase><testcase classname="test_case.test_addTeacher.Test_addTeacher" file="test_case\test_addTeacher.py" line="16" name="test_addTeacher1[{\n&quot;display_name&quot;:&quot;\u6dfb\u52a0\u4e00\u53f7&quot;,\n&quot;real_name&quot;:&quot;\u771f\u662f\u4e00\u53f7&quot;,\n&quot;tech_subject&quot;:&quot;\u79d1\u76ee\u4e00\u53f7&quot;,\n&quot;tech_grade&quot;:&quot;&quot;\n}-\u7f3a\u5c11\u5fc5\u8981\u7684\u53c2\u6570]" time="0.034"></testcase><testcase classname="test_case.test_addTeacher.Test_addTeacher" file="test_case\test_addTeacher.py" line="21" name="test_addTeacher2[{\n&quot;display_name&quot;:&quot;\u6dfb\u52a0\u4e00\u53f7&quot;,\n&quot;real_name&quot;:&quot;\u771f\u662f\u4e00\u53f7&quot;,\n&quot;tech_subject&quot;:&quot;\u79d1\u76ee\u4e00\u53f7&quot;,\n&quot;tech_grade&quot;:&quot;\u9ad8\u4e00&quot;\n}-Success]" time="0.041"></testcase><testcase classname="test_case.test_getCourse" file="test_case\test_getCourse.py" line="5" name="test_getCourse[{\n&quot;studyYears&quot;:&quot;2019&quot;,\n&quot;subject&quot;:&quot;2&quot;,\n&quot;grades&quot;:&quot;\u9ad8\u4e00&quot;,\n&quot;version&quot;:&quot;\u4eba\u6559A\u7248&quot;,\n&quot;gradeType&quot;:&quot;0&quot;,\n&quot;courseType&quot;:&quot;1&quot;\n}-Success0]" time="0.171"></testcase><testcase classname="test_case.test_getCourse" file="test_case\test_getCourse.py" line="5" name="test_getCourse[{\n&quot;studyYears&quot;:&quot;&quot;,\n&quot;subject&quot;:&quot;2&quot;,\n&quot;grades&quot;:&quot;\u9ad8\u4e00&quot;,\n&quot;version&quot;:&quot;\u4eba\u6559A\u7248&quot;,\n&quot;gradeType&quot;:&quot;0&quot;,\n&quot;courseType&quot;:&quot;1&quot;\n}-Parameter Invalid]" time="0.028"></testcase><testcase classname="test_case.test_getCourse" file="test_case\test_getCourse.py" line="5" name="test_getCourse[{\n&quot;studyYears&quot;:&quot;2019&quot;,\n&quot;subject&quot;:&quot;&quot;,\n&quot;grades&quot;:&quot;\u9ad8\u4e00&quot;,\n&quot;version&quot;:&quot;\u4eba\u6559A\u7248&quot;,\n&quot;gradeType&quot;:&quot;0&quot;,\n&quot;courseType&quot;:&quot;1&quot;\n}-Parameter Invalid]" time="0.035"></testcase><testcase classname="test_case.test_getCourse" file="test_case\test_getCourse.py" line="5" name="test_getCourse[{\n&quot;studyYears&quot;:&quot;2019&quot;,\n&quot;subject&quot;:&quot;2&quot;,\n&quot;grades&quot;:&quot;&quot;,\n&quot;version&quot;:&quot;\u4eba\u6559A\u7248&quot;,\n&quot;gradeType&quot;:&quot;0&quot;,\n&quot;courseType&quot;:&quot;1&quot;\n}-Parameter Invalid]" time="0.030"></testcase><testcase classname="test_case.test_getCourse" file="test_case\test_getCourse.py" line="5" name="test_getCourse[{\n&quot;studyYears&quot;:&quot;2019&quot;,\n&quot;subject&quot;:&quot;2&quot;,\n&quot;grades&quot;:&quot;\u9ad8\u4e00&quot;,\n&quot;version&quot;:&quot;&quot;,\n&quot;gradeType&quot;:&quot;0&quot;,\n&quot;courseType&quot;:&quot;1&quot;\n}-Parameter Invalid]" time="0.029"></testcase><testcase classname="test_case.test_getCourse" file="test_case\test_getCourse.py" line="5" name="test_getCourse[{\n&quot;studyYears&quot;:&quot;2019&quot;,\n&quot;subject&quot;:&quot;2&quot;,\n&quot;grades&quot;:&quot;\u9ad8\u4e00&quot;,\n&quot;version&quot;:&quot;\u4eba\u6559A\u7248&quot;,\n&quot;gradeType&quot;:&quot;0&quot;,\n&quot;courseType&quot;:&quot;&quot;\n}-Parameter Invalid]" time="0.030"></testcase><testcase classname="test_case.test_getCourse" file="test_case\test_getCourse.py" line="5" name="test_getCourse[{\n&quot;studyYears&quot;:&quot;2019,2020&quot;,\n&quot;subject&quot;:&quot;2&quot;,\n&quot;grades&quot;:&quot;\u9ad8\u4e00&quot;,\n&quot;version&quot;:&quot;\u4eba\u6559A\u7248&quot;,\n&quot;gradeType&quot;:&quot;0&quot;,\n&quot;courseType&quot;:&quot;1&quot;\n}-Success]" time="0.052"></testcase><testcase classname="test_case.test_getCourse" file="test_case\test_getCourse.py" line="5" name="test_getCourse[{\n&quot;studyYears&quot;:&quot;2019&quot;,\n&quot;subject&quot;:&quot;2&quot;,\n&quot;grades&quot;:&quot;\u9ad8\u4e00,\u9ad8\u4e8c,\u9ad8\u4e09&quot;,\n&quot;version&quot;:&quot;\u4eba\u6559A\u7248&quot;,\n&quot;gradeType&quot;:&quot;0&quot;,\n&quot;courseType&quot;:&quot;1&quot;\n}-Success]" time="0.045"></testcase><testcase classname="test_case.test_getCourse" file="test_case\test_getCourse.py" line="5" name="test_getCourse[{\n&quot;studyYears&quot;:&quot;2019&quot;,\n&quot;subject&quot;:&quot;2&quot;,\n&quot;grades&quot;:&quot;\u9ad8\u4e00&quot;,\n&quot;version&quot;:&quot;\u4eba\u6559A\u7248&quot;,\n&quot;gradeType&quot;:&quot;0&quot;,\n&quot;courseType&quot;:&quot;1&quot;\n}-Success1]" time="0.035"></testcase><testcase classname="test_case.test_getCourse" file="test_case\test_getCourse.py" line="5" name="test_getCourse[{\n&quot;studyYears&quot;:&quot;2019&quot;,\n&quot;subject&quot;:&quot;2&quot;,\n&quot;grades&quot;:&quot;\u9ad8\u4e00&quot;,\n&quot;version&quot;:&quot;\u4eba\u6559A\u7248&quot;,\n&quot;gradeType&quot;:&quot;1&quot;,\n&quot;courseType&quot;:&quot;1&quot;\n}-Success]" time="0.036"></testcase><testcase classname="test_case.test_getCourse" file="test_case\test_getCourse.py" line="5" name="test_getCourse[{\n&quot;studyYears&quot;:&quot;2019&quot;,\n&quot;subject&quot;:&quot;2&quot;,\n&quot;grades&quot;:&quot;\u9ad8\u4e00&quot;,\n&quot;version&quot;:&quot;\u4eba\u6559A\u7248&quot;,\n&quot;gradeType&quot;:&quot;0&quot;,\n&quot;courseType&quot;:&quot;1&quot;\n}-Success2]" time="0.033"></testcase><testcase classname="test_case.test_getCourse" file="test_case\test_getCourse.py" line="5" name="test_getCourse[{\n&quot;studyYears&quot;:&quot;2019&quot;,\n&quot;subject&quot;:&quot;2&quot;,\n&quot;grades&quot;:&quot;\u9ad8\u4e00&quot;,\n&quot;version&quot;:&quot;\u4eba\u6559A\u7248&quot;,\n&quot;gradeType&quot;:&quot;0&quot;,\n&quot;courseType&quot;:&quot;3&quot;\n}-Success]" time="0.034"></testcase><testcase classname="test_case.test_getCourse" file="test_case\test_getCourse.py" line="5" name="test_getCourse[{\n&quot;studyYears&quot;:&quot;2019&quot;,\n&quot;subject&quot;:&quot;2&quot;,\n&quot;grades&quot;:&quot;\u9ad8\u4e00&quot;,\n&quot;version&quot;:&quot;\u4eba\u6559A\u7248&quot;,\n&quot;gradeType&quot;:&quot;0&quot;,\n&quot;courseType&quot;:&quot;5&quot;\n}-Success]" time="0.032"></testcase><testcase classname="test_case.test_getCourse" file="test_case\test_getCourse.py" line="5" name="test_getCourse[{\n&quot;studyYears&quot;:&quot;2019&quot;,\n&quot;subject&quot;:&quot;2&quot;,\n&quot;grades&quot;:&quot;\u9ad8\u4e00&quot;,\n&quot;version&quot;:&quot;\u4eba\u6559A\u7248&quot;,\n&quot;gradeType&quot;:&quot;0&quot;,\n&quot;courseType&quot;:&quot;6&quot;\n}-Success]" time="0.032"></testcase><testcase classname="test_case.test_getCourse" file="test_case\test_getCourse.py" line="5" name="test_getCourse[{\n&quot;studyYears&quot;:&quot;2019&quot;,\n&quot;subject&quot;:&quot;2&quot;,\n&quot;grades&quot;:&quot;\u9ad8\u4e00&quot;,\n&quot;version&quot;:&quot;\u4eba\u6559A\u7248&quot;,\n&quot;gradeType&quot;:&quot;0&quot;,\n&quot;courseType&quot;:&quot;7&quot;\n}-Success]" time="0.031"></testcase><testcase classname="test_case.test_getCourse" file="test_case\test_getCourse.py" line="5" name="test_getCourse[{\n&quot;studyYears&quot;:&quot;2019&quot;,\n&quot;subject&quot;:&quot;2&quot;,\n&quot;grades&quot;:&quot;\u9ad8\u4e00&quot;,\n&quot;version&quot;:&quot;\u4eba\u6559A\u7248&quot;,\n&quot;gradeType&quot;:&quot;0&quot;,\n&quot;courseType&quot;:&quot;8&quot;\n}-Success]" time="0.043"></testcase><testcase classname="test_case.test_getTerm" file="test_case\test_getTerm.py" line="5" name="test_getTerm[{\n&quot;studyYears&quot;:&quot;2019&quot;,\n&quot;subject&quot;:&quot;2&quot;,\n&quot;grades&quot;:&quot;\u9ad8\u4e00&quot;,\n&quot;version&quot;:&quot;\u4eba\u6559A\u7248&quot;,\n&quot;enrolTime&quot;:&quot;03-2019&quot;,\n&quot;location&quot;:&quot;\u5317\u4eac&quot;\n}-Success]" time="0.036"></testcase><testcase classname="test_case.test_getTerm" file="test_case\test_getTerm.py" line="5" name="test_getTerm[{\n&quot;studyYears&quot;:&quot;&quot;,\n&quot;subject&quot;:&quot;2&quot;,\n&quot;grades&quot;:&quot;\u9ad8\u4e00&quot;,\n&quot;version&quot;:&quot;\u4eba\u6559A\u7248&quot;,\n&quot;enrolTime&quot;:&quot;03-2019&quot;,\n&quot;location&quot;:&quot;\u5317\u4eac&quot;\n}-Parameter Invalid]" time="0.027"></testcase><testcase classname="test_case.test_getTerm" file="test_case\test_getTerm.py" line="5" name="test_getTerm[{\n&quot;studyYears&quot;:&quot;2019&quot;,\n&quot;subject&quot;:&quot;&quot;,\n&quot;grades&quot;:&quot;\u9ad8\u4e00&quot;,\n&quot;version&quot;:&quot;\u4eba\u6559A\u7248&quot;,\n&quot;enrolTime&quot;:&quot;03-2019&quot;,\n&quot;location&quot;:&quot;\u5317\u4eac&quot;\n}-Parameter Invalid]" time="0.026"></testcase><testcase classname="test_case.test_getTerm" file="test_case\test_getTerm.py" line="5" name="test_getTerm[{\n&quot;studyYears&quot;:&quot;2019&quot;,\n&quot;subject&quot;:&quot;2&quot;,\n&quot;grades&quot;:&quot;&quot;,\n&quot;version&quot;:&quot;\u4eba\u6559A\u7248&quot;,\n&quot;enrolTime&quot;:&quot;03-2019&quot;,\n&quot;location&quot;:&quot;\u5317\u4eac&quot;\n}-Parameter Invalid]" time="0.029"></testcase><testcase classname="test_case.test_getTerm" file="test_case\test_getTerm.py" line="5" name="test_getTerm[{\n&quot;studyYears&quot;:&quot;2019&quot;,\n&quot;subject&quot;:&quot;2&quot;,\n&quot;grades&quot;:&quot;\u9ad8\u4e00&quot;,\n&quot;version&quot;:&quot;&quot;,\n&quot;enrolTime&quot;:&quot;03-2019&quot;,\n&quot;location&quot;:&quot;\u5317\u4eac&quot;\n}-Parameter Invalid]" time="0.029"></testcase><testcase classname="test_case.test_getTerm" file="test_case\test_getTerm.py" line="5" name="test_getTerm[{\n&quot;studyYears&quot;:&quot;2019&quot;,\n&quot;subject&quot;:&quot;2&quot;,\n&quot;grades&quot;:&quot;\u9ad8\u4e00&quot;,\n&quot;version&quot;:&quot;\u4eba\u6559A\u7248&quot;,\n&quot;enrolTime&quot;:&quot;&quot;,\n&quot;location&quot;:&quot;\u5317\u4eac&quot;\n}-Parameter Invalid]" time="0.028"></testcase><testcase classname="test_case.test_getTerm" file="test_case\test_getTerm.py" line="5" name="test_getTerm[{\n&quot;studyYears&quot;:&quot;2019&quot;,\n&quot;subject&quot;:&quot;2&quot;,\n&quot;grades&quot;:&quot;\u9ad8\u4e00&quot;,\n&quot;version&quot;:&quot;\u4eba\u6559A\u7248&quot;,\n&quot;enrolTime&quot;:&quot;03-2019&quot;,\n&quot;location&quot;:&quot;&quot;\n}-Parameter Invalid]" time="0.028"></testcase><testcase classname="test_case.test_getTextbook" file="test_case\test_getTextbook.py" line="5" name="test_getTextbook[{\n&quot;subject&quot;:&quot;\u6570\u5b66&quot;,\n&quot;grade&quot;:&quot;\u521d\u4e2d&quot;,\n&quot;version&quot;:&quot;\u4eba\u6559\u7248&quot;,\n&quot;studyYear&quot;:&quot;2019&quot;\n}-Success]" time="0.032"></testcase><testcase classname="test_case.test_getTextbook" file="test_case\test_getTextbook.py" line="5" name="test_getTextbook[{\n&quot;subject&quot;:&quot;&quot;,\n&quot;grade&quot;:&quot;\u521d\u4e2d&quot;,\n&quot;version&quot;:&quot;\u4eba\u6559\u7248&quot;,\n&quot;studyYear&quot;:&quot;2019&quot;\n}-Parameter Invalid]" time="0.029"></testcase><testcase classname="test_case.test_getTextbook" file="test_case\test_getTextbook.py" line="5" name="test_getTextbook[{\n&quot;subject&quot;:&quot;\u6570\u5b66&quot;,\n&quot;grade&quot;:&quot;&quot;,\n&quot;version&quot;:&quot;\u4eba\u6559\u7248&quot;,\n&quot;studyYear&quot;:&quot;2019&quot;\n}-Parameter Invalid]" time="0.027"></testcase><testcase classname="test_case.test_getTextbook" file="test_case\test_getTextbook.py" line="5" name="test_getTextbook[{\n&quot;subject&quot;:&quot;\u6570\u5b66&quot;,\n&quot;grade&quot;:&quot;\u521d\u4e2d&quot;,\n&quot;version&quot;:&quot;&quot;,\n&quot;studyYear&quot;:&quot;2019&quot;\n}-Parameter Invalid]" time="0.032"></testcase><testcase classname="test_case.test_getTextbook" file="test_case\test_getTextbook.py" line="5" name="test_getTextbook[{\n&quot;subject&quot;:&quot;\u6570\u5b66&quot;,\n&quot;grade&quot;:&quot;\u521d\u4e2d&quot;,\n&quot;version&quot;:&quot;\u4eba\u6559\u7248&quot;,\n&quot;studyYear&quot;:&quot;&quot;\n}-Parameter Invalid]" time="0.034"></testcase><testcase classname="test_case.test_getVersion" file="test_case\test_getVersion.py" line="5" name="test_getVersion[{\n&quot;subject&quot;:&quot;\u6570\u5b66&quot;,\n&quot;grade&quot;:&quot;\u521d\u4e2d&quot;,\n&quot;gradeType&quot;:&quot;0&quot;,\n&quot;studyYears&quot;:&quot;2019&quot;,\n&quot;courseType&quot;:&quot;1&quot;\n}-Success]" time="0.053"></testcase><testcase classname="test_case.test_getVersion" file="test_case\test_getVersion.py" line="5" name="test_getVersion[{\n&quot;subject&quot;:&quot;&quot;,\n&quot;grade&quot;:&quot;\u521d\u4e2d&quot;,\n&quot;gradeType&quot;:&quot;0&quot;,\n&quot;studyYears&quot;:&quot;2019&quot;,\n&quot;courseType&quot;:&quot;1&quot;\n}-Parameter Invalid]" time="0.029"></testcase><testcase classname="test_case.test_getVersion" file="test_case\test_getVersion.py" line="5" name="test_getVersion[{\n&quot;subject&quot;:&quot;\u6570\u5b66&quot;,\n&quot;grade&quot;:&quot;&quot;,\n&quot;gradeType&quot;:&quot;0&quot;,\n&quot;studyYears&quot;:&quot;2019&quot;,\n&quot;courseType&quot;:&quot;1&quot;\n}-Parameter Invalid]" time="0.028"></testcase><testcase classname="test_case.test_getVersion" file="test_case\test_getVersion.py" line="5" name="test_getVersion[{\n&quot;subject&quot;:&quot;\u6570\u5b66&quot;,\n&quot;grade&quot;:&quot;\u521d\u4e2d&quot;,\n&quot;gradeType&quot;:&quot;&quot;,\n&quot;studyYears&quot;:&quot;2019&quot;,\n&quot;courseType&quot;:&quot;1&quot;\n}-Success]" time="0.041"></testcase><testcase classname="test_case.test_getVersion" file="test_case\test_getVersion.py" line="5" name="test_getVersion[{\n&quot;subject&quot;:&quot;\u6570\u5b66&quot;,\n&quot;grade&quot;:&quot;\u521d\u4e2d&quot;,\n&quot;gradeType&quot;:&quot;0&quot;,\n&quot;studyYears&quot;:&quot;&quot;,\n&quot;courseType&quot;:&quot;1&quot;\n}-Parameter Invalid]" time="0.029"></testcase><testcase classname="test_case.test_qualificationinfo" file="test_case\test_qualificationinfo.py" line="5" name="test_getQualificationInfo" time="0.064"></testcase><testcase classname="test_case.test_teacherList.Test_teacherList" file="test_case\test_teacherList.py" line="18" name="test_teacherList1" time="0.103"></testcase><testcase classname="test_case.test_teacherList.Test_teacherList" file="test_case\test_teacherList.py" line="23" name="test_teacherList2[{&quot;opterToken&quot;: &quot;&quot;}-\u7f3a\u5c11\u5fc5\u8981\u7684\u53c2\u6570]" time="0.032"></testcase><testcase classname="test_case.test_teacherList.Test_teacherList" file="test_case\test_teacherList.py" line="23" name="test_teacherList2[{&quot;opterToken&quot;: &quot;123&quot;}-token\u65e0\u6548]" time="0.030"></testcase><testcase classname="test_case.test_teacherList.Test_teacherList" file="test_case\test_teacherList.py" line="30" name="test_teacherList3" time="0.072"></testcase><testcase classname="test_case.test_updateTeacher.Test_updateTeacher" file="test_case\test_updateTeacher.py" line="15" name="test_updateTeacher[{\n&quot;guid&quot;:&quot;b915c7bc6d4a4344a76d4a69286d9c9e&quot;,\n&quot;display_name&quot;:&quot;\u6dfb\u52a0\u4e00\u53f7&quot;,\n&quot;real_name&quot;:&quot;\u771f\u662f\u4e00\u53f7&quot;,\n&quot;tech_subject&quot;:&quot;\u79d1\u76ee\u4e00\u53f7&quot;,\n&quot;tech_grade&quot;:&quot;\u9ad8\u4e00&quot;\n}-Success]" time="0.089"></testcase><testcase classname="test_case.test_updateTeacher.Test_updateTeacher" file="test_case\test_updateTeacher.py" line="15" name="test_updateTeacher[{\n&quot;guid&quot;:&quot;&quot;,\n&quot;display_name&quot;:&quot;\u6dfb\u52a0\u4e00\u53f7&quot;,\n&quot;real_name&quot;:&quot;\u771f\u662f\u4e00\u53f7&quot;,\n&quot;tech_subject&quot;:&quot;\u79d1\u76ee\u4e00\u53f7&quot;,\n&quot;tech_grade&quot;:&quot;\u9ad8\u4e00&quot;\n}-\u7f3a\u5c11\u5fc5\u8981\u7684\u53c2\u6570]" time="0.035"></testcase></testsuite></testsuites>