{"name": "test_01[subject-grade-version-studyYear-expected0]", "status": "failed", "statusDetails": {"message": "AssertionError: assert 'Success' == 'expected'\n  - expected\n  + Success", "trace": "subject = 'subject', grade = 'grade', version = 'version'\nstudyYear = 'studyYear', expected = 'expected'\n\n    @pytest.mark.parametrize(\"subject,grade,version,studyYear,expected\", data)\n    \n    def test_01(subject,grade,version,studyYear,expected):\n>       assert TestgetTerm.getTerm(subject,grade,version,studyYear) == expected\nE       AssertionError: assert 'Success' == 'expected'\nE         - expected\nE         + Success\n\n..\\test_case\\test_copy001.py:22: AssertionError"}, "parameters": [{"name": "subject", "value": "'subject'"}, {"name": "grade", "value": "'grade'"}, {"name": "version", "value": "'version'"}, {"name": "studyYear", "value": "'studyYear'"}, {"name": "expected", "value": "'expected'"}], "start": 1599819062685, "stop": 1599819062715, "uuid": "70fb09c2-7932-4b43-8018-09093bfcd16a", "historyId": "c5e7254db770500a406ed3fc79b0d96f", "testCaseId": "3ba6005efe05dbb31e82633a0e2410b1", "fullName": "test_case.test_copy001#test_01", "labels": [{"name": "parentSuite", "value": "test_case"}, {"name": "suite", "value": "test_copy001"}, {"name": "host", "value": "et-201809131052"}, {"name": "thread", "value": "38584-MainThread"}, {"name": "framework", "value": "pytest"}, {"name": "language", "value": "cpython3"}, {"name": "package", "value": "test_case.test_copy001"}]}